==2403814== Memcheck, a memory error detector
==2403814== Copyright (C) 2002-2017, and GNU GPL'd, by Julian Seward et al.
==2403814== Using Valgrind-3.18.1 and LibVEX; rerun with -h for copyright info
==2403814== Command: ./a.out test1.txt head\ -n\ 4 tail\ -n\ 2 out.txt
==2403814== Parent PID: 2399937
==2403814== 
==2403814== Syscall param close(fd) contains uninitialised byte(s)
==2403814==    at 0x4989F67: close (close.c:27)
==2403814==    by 0x401865: main (pipex.c:185)
==2403814==  Uninitialised value was created by a stack allocation
==2403814==    at 0x4017B0: main (pipex.c:162)
==2403814== 
==2403814== 
==2403814== HEAP SUMMARY:
==2403814==     in use at exit: 206 bytes in 11 blocks
==2403814==   total heap usage: 11 allocs, 0 frees, 206 bytes allocated
==2403814== 
==2403814== 118 bytes in 10 blocks are indirectly lost in loss record 1 of 2
==2403814==    at 0x4848899: malloc (in /usr/libexec/valgrind/vgpreload_memcheck-amd64-linux.so)
==2403814==    by 0x4022BA: t2f (ft_split.c:102)
==2403814==    by 0x4020B5: ft_split (ft_split.c:147)
==2403814==    by 0x401327: get_path (pipex.c:57)
==2403814==    by 0x4017D2: main (pipex.c:168)
==2403814== 
==2403814== 206 (88 direct, 118 indirect) bytes in 1 blocks are definitely lost in loss record 2 of 2
==2403814==    at 0x4848899: malloc (in /usr/libexec/valgrind/vgpreload_memcheck-amd64-linux.so)
==2403814==    by 0x401FFD: ft_split (ft_split.c:136)
==2403814==    by 0x401327: get_path (pipex.c:57)
==2403814==    by 0x4017D2: main (pipex.c:168)
==2403814== 
==2403814== LEAK SUMMARY:
==2403814==    definitely lost: 88 bytes in 1 blocks
==2403814==    indirectly lost: 118 bytes in 10 blocks
==2403814==      possibly lost: 0 bytes in 0 blocks
==2403814==    still reachable: 0 bytes in 0 blocks
==2403814==         suppressed: 0 bytes in 0 blocks
==2403814== 
==2403814== For lists of detected and suppressed errors, rerun with: -s
==2403814== ERROR SUMMARY: 2 errors from 2 contexts (suppressed: 0 from 0)
